Flow report for soundtop
Wed Nov 27 15:07:03 2024
Quartus Prime Version 22.1std.1 Build 917 02/14/2023 SC Lite Edition


---------------------
; Table of Contents ;
---------------------
  1. Legal Notice
  2. Flow Summary
  3. Flow Settings
  4. Flow Non-Default Global Settings
  5. Flow Elapsed Time
  6. Flow OS Summary
  7. Flow Log
  8. Flow Messages
  9. Flow Suppressed Messages



----------------
; Legal Notice ;
----------------
Copyright (C) 2023  Intel Corporation. All rights reserved.
Your use of Intel Corporation's design tools, logic functions 
and other software and tools, and any partner logic 
functions, and any output files from any of the foregoing 
(including device programming or simulation files), and any 
associated documentation or information are expressly subject 
to the terms and conditions of the Intel Program License 
Subscription Agreement, the Intel Quartus Prime License Agreement,
the Intel FPGA IP License Agreement, or other applicable license
agreement, including, without limitation, that your use is for
the sole purpose of programming logic devices manufactured by
Intel and sold by Intel or its authorized distributors.  Please
refer to the applicable agreement for further details, at
https://fpgasoftware.intel.com/eula.



+-------------------------------------------------------------------------------------+
; Flow Summary                                                                        ;
+------------------------------------+------------------------------------------------+
; Flow Status                        ; Successful - Wed Nov 27 15:07:03 2024          ;
; Quartus Prime Version              ; 22.1std.1 Build 917 02/14/2023 SC Lite Edition ;
; Revision Name                      ; soundtop                                       ;
; Top-level Entity Name              ; soundtop                                       ;
; Family                             ; MAX 10                                         ;
; Device                             ; 10M08SAE144C8GES                               ;
; Timing Models                      ; Preliminary                                    ;
; Total logic elements               ; 125 / 8,064 ( 2 % )                            ;
;     Total combinational functions  ; 124 / 8,064 ( 2 % )                            ;
;     Dedicated logic registers      ; 80 / 8,064 ( < 1 % )                           ;
; Total registers                    ; 80                                             ;
; Total pins                         ; 21 / 101 ( 21 % )                              ;
; Total virtual pins                 ; 0                                              ;
; Total memory bits                  ; 0 / 387,072 ( 0 % )                            ;
; Embedded Multiplier 9-bit elements ; 0 / 48 ( 0 % )                                 ;
; Total PLLs                         ; 0 / 1 ( 0 % )                                  ;
; UFM blocks                         ; 0 / 1 ( 0 % )                                  ;
; ADC blocks                         ; 0 / 1 ( 0 % )                                  ;
+------------------------------------+------------------------------------------------+


+-----------------------------------------+
; Flow Settings                           ;
+-------------------+---------------------+
; Option            ; Setting             ;
+-------------------+---------------------+
; Start date & time ; 11/27/2024 15:06:13 ;
; Main task         ; Compilation         ;
; Revision Name     ; soundtop            ;
+-------------------+---------------------+


+-----------------------------------------------------------------------------------------------------------------------------+
; Flow Non-Default Global Settings                                                                                            ;
+-------------------------------------+----------------------------------------+---------------+-------------+----------------+
; Assignment Name                     ; Value                                  ; Default Value ; Entity Name ; Section Id     ;
+-------------------------------------+----------------------------------------+---------------+-------------+----------------+
; COMPILER_SIGNATURE_ID               ; 224948459664240.173268757315709        ; --            ; --          ; --             ;
; EDA_OUTPUT_DATA_FORMAT              ; Verilog Hdl                            ; --            ; --          ; eda_simulation ;
; EDA_SIMULATION_TOOL                 ; Questa Intel FPGA (Verilog)            ; <None>        ; --          ; --             ;
; EDA_TIME_SCALE                      ; 1 ps                                   ; --            ; --          ; eda_simulation ;
; MAX_CORE_JUNCTION_TEMP              ; 85                                     ; --            ; --          ; --             ;
; MIN_CORE_JUNCTION_TEMP              ; 0                                      ; --            ; --          ; --             ;
; PARTITION_COLOR                     ; -- (Not supported for targeted family) ; --            ; --          ; Top            ;
; PARTITION_FITTER_PRESERVATION_LEVEL ; -- (Not supported for targeted family) ; --            ; --          ; Top            ;
; PARTITION_NETLIST_TYPE              ; -- (Not supported for targeted family) ; --            ; --          ; Top            ;
; PROJECT_OUTPUT_DIRECTORY            ; output_files                           ; --            ; --          ; --             ;
+-------------------------------------+----------------------------------------+---------------+-------------+----------------+


+--------------------------------------------------------------------------------------------------------------------------+
; Flow Elapsed Time                                                                                                        ;
+----------------------+--------------+-------------------------+---------------------+------------------------------------+
; Module Name          ; Elapsed Time ; Average Processors Used ; Peak Virtual Memory ; Total CPU Time (on all processors) ;
+----------------------+--------------+-------------------------+---------------------+------------------------------------+
; Analysis & Synthesis ; 00:00:10     ; 1.0                     ; 469 MB              ; 00:00:12                           ;
; Fitter               ; 00:00:07     ; 1.0                     ; 1588 MB             ; 00:00:04                           ;
; Assembler            ; 00:00:01     ; 1.0                     ; 358 MB              ; 00:00:00                           ;
; Power Analyzer       ; 00:00:02     ; 1.1                     ; 867 MB              ; 00:00:01                           ;
; Timing Analyzer      ; 00:00:09     ; 1.0                     ; 562 MB              ; 00:00:01                           ;
; EDA Netlist Writer   ; 00:00:01     ; 1.0                     ; 602 MB              ; 00:00:00                           ;
; Total                ; 00:00:30     ; --                      ; --                  ; 00:00:18                           ;
+----------------------+--------------+-------------------------+---------------------+------------------------------------+


+--------------------------------------------------------------------------------------------------+
; Flow OS Summary                                                                                  ;
+----------------------+----------------------------+----------------+------------+----------------+
; Module Name          ; Machine Hostname           ; OS Name        ; OS Version ; Processor type ;
+----------------------+----------------------------+----------------+------------+----------------+
; Analysis & Synthesis ; yellow08.ced.cei.uec.ac.jp ; Ubuntu 22.04.5 ; 22         ; x86_64         ;
; Fitter               ; yellow08.ced.cei.uec.ac.jp ; Ubuntu 22.04.5 ; 22         ; x86_64         ;
; Assembler            ; yellow08.ced.cei.uec.ac.jp ; Ubuntu 22.04.5 ; 22         ; x86_64         ;
; Power Analyzer       ; yellow08.ced.cei.uec.ac.jp ; Ubuntu 22.04.5 ; 22         ; x86_64         ;
; Timing Analyzer      ; yellow08.ced.cei.uec.ac.jp ; Ubuntu 22.04.5 ; 22         ; x86_64         ;
; EDA Netlist Writer   ; yellow08.ced.cei.uec.ac.jp ; Ubuntu 22.04.5 ; 22         ; x86_64         ;
+----------------------+----------------------------+----------------+------------+----------------+


------------
; Flow Log ;
------------
quartus_map --read_settings_files=on --write_settings_files=off soundtop -c soundtop
quartus_fit --read_settings_files=off --write_settings_files=off soundtop -c soundtop
quartus_asm --read_settings_files=off --write_settings_files=off soundtop -c soundtop
quartus_pow --read_settings_files=off --write_settings_files=off soundtop -c soundtop
quartus_sta soundtop -c soundtop
quartus_eda --read_settings_files=off --write_settings_files=off soundtop -c soundtop



